--------------------------------------------------------------------------------
Release 8.1i Trace I.24
Copyright (c) 1995-2005 Xilinx, Inc.  All rights reserved.

D:\Xilinx\bin\nt\trce.exe -ise lab_25th.ise -intstyle ise -e 3 -l 3 -s 4 -xml
counter counter.ncd -o counter.twr counter.pcf


Design file:              counter.ncd
Physical constraint file: counter.pcf
Device,speed:             xc3s500e,-4 (PRODUCTION 1.17 2005-11-04)
Report level:             error report

Environment Variable      Effect 
--------------------      ------ 
NONE                      No environment variables were set
--------------------------------------------------------------------------------

INFO:Timing:2752 - To get complete path coverage, use the unconstrained paths
   option. All paths that are not constrained will be reported in the
   unconstrained paths section(s) of the report.

================================================================================
Timing constraint: NET "clk_BUFGP/IBUFG" PERIOD = 20 ns HIGH 50%;

 1033 items analyzed, 0 timing errors detected. (0 setup errors, 0 hold errors)
 Minimum period is   5.737ns.
--------------------------------------------------------------------------------


All constraints were met.


Data Sheet report:
-----------------
All values displayed in nanoseconds (ns)

Clock to Setup on destination clock clk
---------------+---------+---------+---------+---------+
               | Src:Rise| Src:Fall| Src:Rise| Src:Fall|
Source Clock   |Dest:Rise|Dest:Rise|Dest:Fall|Dest:Fall|
---------------+---------+---------+---------+---------+
clk            |    5.737|         |         |         |
---------------+---------+---------+---------+---------+


Timing summary:
---------------

Timing errors: 0  Score: 0

Constraints cover 1033 paths, 0 nets, and 136 connections

Design statistics:
   Minimum period:   5.737ns (Maximum frequency: 174.307MHz)


Analysis completed Wed Mar 25 15:21:08 2009
--------------------------------------------------------------------------------



Peak Memory Usage: 125 MB
