--------------------------------------------------------------------------------
Release 10.1 Trace  (nt)
Copyright (c) 1995-2008 Xilinx, Inc.  All rights reserved.

E:\Xilinx\10.1\ISE\bin\nt\unwrapped\trce.exe -ise
D:/embedded_lab/test/filterCheby_vn7/filterCheby_vn7/filterCheby_vn7.ise
-intstyle ise -e 3 -s 4 -xml filter filter.ncd -o filter.twr filter.pcf -ucf
D:/embedded_lab/test/filterCheby_vn7/filter.ucf

Design file:              filter.ncd
Physical constraint file: filter.pcf
Device,package,speed:     xc3s500e,fg320,-4 (PRODUCTION 1.27 2008-01-09)
Report level:             error report

Environment Variable      Effect 
--------------------      ------ 
NONE                      No environment variables were set
--------------------------------------------------------------------------------

INFO:Timing:2752 - To get complete path coverage, use the unconstrained paths 
   option. All paths that are not constrained will be reported in the 
   unconstrained paths section(s) of the report.
INFO:Timing:3339 - The clock-to-out numbers in this timing report are based on 
   a 50 Ohm transmission line loading model.  For the details of this model, 
   and for more information on accounting for different loading conditions, 
   please see the device datasheet.

================================================================================
Timing constraint: NET "clk_BUFGP/IBUFG" PERIOD = 20 ns HIGH 50%;

 27158 paths analyzed, 3725 endpoints analyzed, 0 failing endpoints
 0 timing errors detected. (0 setup errors, 0 hold errors)
 Minimum period is  14.406ns.
--------------------------------------------------------------------------------


All constraints were met.


Data Sheet report:
-----------------
All values displayed in nanoseconds (ns)

Clock to Setup on destination clock clk
---------------+---------+---------+---------+---------+
               | Src:Rise| Src:Fall| Src:Rise| Src:Fall|
Source Clock   |Dest:Rise|Dest:Rise|Dest:Fall|Dest:Fall|
---------------+---------+---------+---------+---------+
clk            |   14.406|         |         |         |
---------------+---------+---------+---------+---------+


Timing summary:
---------------

Timing errors: 0  Score: 0

Constraints cover 27158 paths, 0 nets, and 5441 connections

Design statistics:
   Minimum period:  14.406ns   (Maximum frequency:  69.416MHz)


Analysis completed Fri May 29 15:16:06 2009 
--------------------------------------------------------------------------------

Trace Settings:
-------------------------
Trace Settings 

Peak Memory Usage: 113 MB



