iMPACT Version: Nov  4 2005 04:35:32

iMPACT log file Started on Sat Mar 14 17:23:14 2009

// *** BATCH CMD : setMode -bs
// *** BATCH CMD : setCable -port auto
AutoDetecting cable. Please wait.
Connecting to cable (Parallel Port - LPT1).
Checking cable driver.
 Driver windrvr6.sys version = 8.1.1.0. LPT base address = 0378h.
 ECP base address = 0778h.
Cable connection failed.
Connecting to cable (Parallel Port - LPT2).
Checking cable driver.
 Driver windrvr6.sys version = 8.1.1.0.Cable connection failed.
Connecting to cable (Parallel Port - LPT3).
Checking cable driver.
 Driver windrvr6.sys version = 8.1.1.0.Cable connection failed.
Connecting to cable (Parallel Port - LPT4).
Checking cable driver.
 Driver windrvr6.sys version = 8.1.1.0.Cable connection failed.
Connecting to cable (Usb Port - USB21).
Checking cable driver.
 Driver xusbdfwu.sys version: 1018 (1027).
 Driver windrvr6.sys version = 8.1.1.0. Max current requested during enumeration is 74 mA.
 Cable Type = 3, Revision = 0.
 Setting cable speed to 6 MHz.
Cable connection established.
Firmware version = 1029.
CPLD file version = 0006h.
CPLD version = 0012h.
// *** BATCH CMD : addDevice -p 1 -file ".\picoblaze_amp_adc_control.bit"
'1': Loading file '.\picoblaze_amp_adc_control.bit' ...
PMSPEC -- Overriding Xilinx file <d:/Xilinx/spartan3/data/spartan3.acd> withlocal file <d:/Xilinx/spartan3/data/spartan3.acd>
done.
INFO:iMPACT:1777 - 
   Reading d:/Xilinx/spartan3e/data/xc3s500e.bsd...
WARNING:iMPACT:2257 - Startup Clock has been changed to 'JtagClk' in the   bitstream stored in memory,
   but the original bitstream file remains unchanged.
INFO:iMPACT:501 - '1': Added Device xc3s500e successfully.
----------------------------------------------------------------------
----------------------------------------------------------------------
// *** BATCH CMD : addDevice -position 2 -part "xcf04s"
INFO:iMPACT:1777 - 
   Reading d:/Xilinx/xcf/data/xcf04s.bsd...
INFO:iMPACT:501 - '2': Added Device xcf04s successfully.
----------------------------------------------------------------------
----------------------------------------------------------------------
// *** BATCH CMD : addDevice -position 2 -part "xcf04s"
INFO:iMPACT:501 - '2': Added Device xcf04s successfully.
----------------------------------------------------------------------
----------------------------------------------------------------------
// *** BATCH CMD : ReadIdcode -p 1 
Chain TCK freq = 10000000.
Validating chain...
Boundary-scan chain validated successfully.
'1': IDCODE is '01000001110000100010000010010011'
'1': IDCODE is '41c22093' (in hex).
'1': : Manufacturer's ID =Xilinx xc3s500e, Version : 4
Elapsed time =      0 sec.
// *** BATCH CMD : program -p 1 
Chain TCK freq = 10000000.
Validating chain...
Boundary-scan chain validated successfully.
'1':Programming  device...
done.
'1': Reading status register contents...
CRC error                                         :         0
Decryptor security set                            :         0
DCM locked                                        :         1
DCI matched                                       :         1
legacy input error                                :         0
status of GTS_CFG_B                               :         1
status of GWE                                     :         1
status of GHIGH                                   :         1
value of MODE pin M0                              :         1
value of MODE pin M1                              :         0
value of MODE pin M2                              :         1
value of CFG_RDY (INIT_B)                         :         1
DONEIN input from DONE pin                        :         1
IDCODE not validated while trying to write FDRI   :         0
write FDRI issued before or after decrypt operation:         0
Decryptor keys not used in proper sequence        :         0
INFO:iMPACT:2219 - Status register values:
INFO:iMPACT - 0011 0111 1011 1000 0000 0000 0000 0000 
INFO:iMPACT:579 - '1': Completed downloading bit file to device.
INFO:iMPACT:580 - '1':Checking done pin ....done.
'1': Programmed successfully.
Elapsed time =      1 sec.
// *** BATCH CMD : quit
----------------------------------------------------------------------
----------------------------------------------------------------------
----------------------------------------------------------------------
----------------------------------------------------------------------
